<?xml version="1.0" encoding="UTF-8"?>
<coverage generated="1721707275088" clover="3.2.0">
  <project timestamp="1721707275088" name="All files">
    <metrics statements="2" coveredstatements="2" conditionals="0" coveredconditionals="0" methods="0" coveredmethods="0" elements="2" coveredelements="2" complexity="0" loc="2" ncloc="2" packages="1" files="1" classes="1"/>
    <file name="axios.ts" path="/Users/nguyenminhdat/Documents/mangatoon/mangatoon-api/story-api/tests/helpers/axios.ts">
      <metrics statements="2" coveredstatements="2" conditionals="0" coveredconditionals="0" methods="0" coveredmethods="0"/>
      <line num="1" count="6" type="stmt"/>
      <line num="3" count="6" type="stmt"/>
    </file>
  </project>
</coverage>
