<?xml version="1.0" encoding="UTF-8"?>
<coverage generated="1722086103336" clover="3.2.0">
  <project timestamp="1722086103336" name="All files">
    <metrics statements="7" coveredstatements="7" conditionals="7" coveredconditionals="6" methods="1" coveredmethods="1" elements="15" coveredelements="14" complexity="0" loc="7" ncloc="7" packages="2" files="2" classes="2"/>
    <package name="build.tests.helpers">
      <metrics statements="5" coveredstatements="5" conditionals="7" coveredconditionals="6" methods="1" coveredmethods="1"/>
      <file name="axios.js" path="/Users/nguyenminhdat/Documents/mangatoon/mangatoon-api/user-api/build/tests/helpers/axios.js">
        <metrics statements="5" coveredstatements="5" conditionals="7" coveredconditionals="6" methods="1" coveredmethods="1"/>
        <line num="2" count="13" type="cond" truecount="3" falsecount="0"/>
        <line num="3" count="13" type="cond" truecount="3" falsecount="1"/>
        <line num="5" count="13" type="stmt"/>
        <line num="6" count="13" type="stmt"/>
        <line num="7" count="13" type="stmt"/>
      </file>
    </package>
    <package name="tests.helpers">
      <metrics statements="2" coveredstatements="2" conditionals="0" coveredconditionals="0" methods="0" coveredmethods="0"/>
      <file name="axios.ts" path="/Users/nguyenminhdat/Documents/mangatoon/mangatoon-api/user-api/tests/helpers/axios.ts">
        <metrics statements="2" coveredstatements="2" conditionals="0" coveredconditionals="0" methods="0" coveredmethods="0"/>
        <line num="1" count="13" type="stmt"/>
        <line num="3" count="13" type="stmt"/>
      </file>
    </package>
  </project>
</coverage>
