{"/Users/nguyenminhdat/Documents/mangatoon/mangatoon-api/user-api/build/tests/helpers/axios.js": {"path":"/Users/nguyenminhdat/Documents/mangatoon/mangatoon-api/user-api/build/tests/helpers/axios.js","statementMap":{"0":{"start":{"line":2,"column":22},"end":{"line":4,"column":1}},"1":{"start":{"line":3,"column":4},"end":{"line":3,"column":62}},"2":{"start":{"line":5,"column":0},"end":{"line":5,"column":62}},"3":{"start":{"line":6,"column":16},"end":{"line":6,"column":49}},"4":{"start":{"line":7,"column":0},"end":{"line":9,"column":3}}},"fnMap":{"0":{"name":"(anonymous_0)","decl":{"start":{"line":2,"column":56},"end":{"line":2,"column":57}},"loc":{"start":{"line":2,"column":71},"end":{"line":4,"column":1}},"line":2}},"branchMap":{"0":{"loc":{"start":{"line":2,"column":22},"end":{"line":4,"column":1}},"type":"binary-expr","locations":[{"start":{"line":2,"column":23},"end":{"line":2,"column":27}},{"start":{"line":2,"column":31},"end":{"line":2,"column":51}},{"start":{"line":2,"column":56},"end":{"line":4,"column":1}}],"line":2},"1":{"loc":{"start":{"line":3,"column":11},"end":{"line":3,"column":61}},"type":"cond-expr","locations":[{"start":{"line":3,"column":37},"end":{"line":3,"column":40}},{"start":{"line":3,"column":43},"end":{"line":3,"column":61}}],"line":3},"2":{"loc":{"start":{"line":3,"column":12},"end":{"line":3,"column":33}},"type":"binary-expr","locations":[{"start":{"line":3,"column":12},"end":{"line":3,"column":15}},{"start":{"line":3,"column":19},"end":{"line":3,"column":33}}],"line":3}},"s":{"0":13,"1":13,"2":13,"3":13,"4":13},"f":{"0":13},"b":{"0":[13,13,13],"1":[0,13],"2":[13,13]},"inputSourceMap":null,"_coverageSchema":"1a1c01bbd47fc00a2c39e90264f33305004495a9","hash":"02af5dddbc0e2156f6bdd283131f0d468920a443"}
,"/Users/nguyenminhdat/Documents/mangatoon/mangatoon-api/user-api/tests/helpers/axios.ts": {"path":"/Users/nguyenminhdat/Documents/mangatoon/mangatoon-api/user-api/tests/helpers/axios.ts","statementMap":{"0":{"start":{"line":1,"column":0},"end":{"line":1,"column":25}},"1":{"start":{"line":3,"column":0},"end":{"line":5,"column":null}}},"fnMap":{},"branchMap":{},"s":{"0":13,"1":13},"f":{},"b":{}}
}
